e:\visualstudio2015\simplegraphics\simplegraphics\debug\vc140.pdb
e:\visualstudio2015\simplegraphics\simplegraphics\debug\vc140.idb
e:\visualstudio2015\simplegraphics\simplegraphics\debug\simplegraphics.obj
e:\visualstudio2015\simplegraphics\simplegraphics\debug\glad.obj
e:\visualstudio2015\simplegraphics\debug\simplegraphics.pdb
e:\visualstudio2015\simplegraphics\simplegraphics\debug\simplegraphics.tlog\cl.command.1.tlog
e:\visualstudio2015\simplegraphics\simplegraphics\debug\simplegraphics.tlog\cl.read.1.tlog
e:\visualstudio2015\simplegraphics\simplegraphics\debug\simplegraphics.tlog\cl.write.1.tlog
e:\visualstudio2015\simplegraphics\simplegraphics\debug\simplegraphics.tlog\link-cvtres.read.1.tlog
e:\visualstudio2015\simplegraphics\simplegraphics\debug\simplegraphics.tlog\link-cvtres.write.1.tlog
e:\visualstudio2015\simplegraphics\simplegraphics\debug\simplegraphics.tlog\link-rc.read.1.tlog
e:\visualstudio2015\simplegraphics\simplegraphics\debug\simplegraphics.tlog\link-rc.write.1.tlog
e:\visualstudio2015\simplegraphics\simplegraphics\debug\simplegraphics.tlog\link.14300-cvtres.read.1.tlog
e:\visualstudio2015\simplegraphics\simplegraphics\debug\simplegraphics.tlog\link.14300-cvtres.write.1.tlog
e:\visualstudio2015\simplegraphics\simplegraphics\debug\simplegraphics.tlog\link.14300-rc.read.1.tlog
e:\visualstudio2015\simplegraphics\simplegraphics\debug\simplegraphics.tlog\link.14300-rc.write.1.tlog
e:\visualstudio2015\simplegraphics\simplegraphics\debug\simplegraphics.tlog\link.14300.read.1.tlog
e:\visualstudio2015\simplegraphics\simplegraphics\debug\simplegraphics.tlog\link.14300.write.1.tlog
e:\visualstudio2015\simplegraphics\simplegraphics\debug\simplegraphics.tlog\link.command.1.tlog
e:\visualstudio2015\simplegraphics\simplegraphics\debug\simplegraphics.tlog\link.read.1.tlog
e:\visualstudio2015\simplegraphics\simplegraphics\debug\simplegraphics.tlog\link.write.1.tlog
