e:\visualstudio2015\drawline\drawline\debug\vc140.pdb
e:\visualstudio2015\drawline\drawline\debug\vc140.idb
e:\visualstudio2015\drawline\drawline\debug\circle.obj
e:\visualstudio2015\drawline\drawline\debug\ui.obj
e:\visualstudio2015\drawline\drawline\debug\glad.obj
e:\visualstudio2015\drawline\drawline\debug\imgui.obj
e:\visualstudio2015\drawline\drawline\debug\imgui_demo.obj
e:\visualstudio2015\drawline\drawline\debug\imgui_draw.obj
e:\visualstudio2015\drawline\drawline\debug\imgui_impl_glfw_gl3.obj
e:\visualstudio2015\drawline\debug\drawline.ilk
e:\visualstudio2015\drawline\debug\drawline.exe
e:\visualstudio2015\drawline\debug\drawline.pdb
e:\visualstudio2015\drawline\drawline\debug\drawline.tlog\cl.command.1.tlog
e:\visualstudio2015\drawline\drawline\debug\drawline.tlog\cl.read.1.tlog
e:\visualstudio2015\drawline\drawline\debug\drawline.tlog\cl.write.1.tlog
e:\visualstudio2015\drawline\drawline\debug\drawline.tlog\link.5904-cvtres.read.1.tlog
e:\visualstudio2015\drawline\drawline\debug\drawline.tlog\link.5904-cvtres.write.1.tlog
e:\visualstudio2015\drawline\drawline\debug\drawline.tlog\link.5904-rc.read.1.tlog
e:\visualstudio2015\drawline\drawline\debug\drawline.tlog\link.5904-rc.write.1.tlog
e:\visualstudio2015\drawline\drawline\debug\drawline.tlog\link.5904.read.1.tlog
e:\visualstudio2015\drawline\drawline\debug\drawline.tlog\link.5904.write.1.tlog
e:\visualstudio2015\drawline\drawline\debug\drawline.tlog\link.command.1.tlog
e:\visualstudio2015\drawline\drawline\debug\drawline.tlog\link.read.1.tlog
e:\visualstudio2015\drawline\drawline\debug\drawline.tlog\link.write.1.tlog
