生成启动时间为 2018/4/23 21:44:26。
     1>项目“E:\VisualStudio2015\DrawLine\DrawLine\DrawLine.vcxproj”在节点 2 上(Build 个目标)。
     1>ClCompile:
         F:\vs2015\VC\bin\CL.exe /c /ZI /nologo /W3 /WX- /sdl /Od /Oy- /D _MBCS /Gm /EHsc /RTC1 /MDd /GS /fp:precise /Zc:wchar_t /Zc:forScope /Zc:inline /Fo"Debug\\" /Fd"Debug\vc140.pdb" /Gd /TP /analyze- /errorReport:prompt drawLine.cpp
         drawLine.cpp
     1>e:\visualstudio2015\drawline\drawline\drawline.cpp(239): warning C4244: “初始化”: 从“float”转换到“int”，可能丢失数据
     1>e:\visualstudio2015\drawline\drawline\drawline.cpp(281): warning C4244: “初始化”: 从“double”转换到“float”，可能丢失数据
         F:\vs2015\VC\bin\CL.exe /c /ZI /nologo /W3 /WX- /sdl /Od /Oy- /D _MBCS /Gm /EHsc /RTC1 /MDd /GS /fp:precise /Zc:wchar_t /Zc:forScope /Zc:inline /Fo"Debug\\" /Fd"Debug\vc140.pdb" /Gd /TC /analyze- /errorReport:prompt glad.c
         glad.c
       Link:
         F:\vs2015\VC\bin\link.exe /ERRORREPORT:PROMPT /OUT:"E:\VisualStudio2015\DrawLine\Debug\DrawLine.exe" /INCREMENTAL /NOLOGO glfw3.lib kernel32.lib user32.lib gdi32.lib winspool.lib comdlg32.lib advapi32.lib shell32.lib ole32.lib oleaut32.lib uuid.lib odbc32.lib odbccp32.lib /MANIFEST /MANIFESTUAC:"level='asInvoker' uiAccess='false'" /manifest:embed /Debug /PDB:"E:\VisualStudio2015\DrawLine\Debug\DrawLine.pdb" /TLBID:1 /DYNAMICBASE /NXCOMPAT /IMPLIB:"E:\VisualStudio2015\DrawLine\Debug\DrawLine.lib" /MACHINE:X86 Debug\drawLine.obj
         Debug\glad.obj
         Debug\imgui.obj
         Debug\imgui_demo.obj
         Debug\imgui_draw.obj
         Debug\imgui_impl_glfw_gl3.obj
         DrawLine.vcxproj -> E:\VisualStudio2015\DrawLine\Debug\DrawLine.exe
     1>已完成生成项目“E:\VisualStudio2015\DrawLine\DrawLine\DrawLine.vcxproj”(Build 个目标)的操作。

已成功生成。

已用时间 00:00:04.57
