e:\visualstudio2015\camera\camera\debug\vc140.pdb
e:\visualstudio2015\camera\camera\debug\vc140.idb
e:\visualstudio2015\camera\camera\debug\camera.nativecodeanalysis.xml
e:\visualstudio2015\camera\camera\debug\imgui.nativecodeanalysis.xml
e:\visualstudio2015\camera\camera\debug\imgui_demo.nativecodeanalysis.xml
e:\visualstudio2015\camera\camera\debug\imgui_draw.nativecodeanalysis.xml
e:\visualstudio2015\camera\camera\debug\imgui_impl_glfw_gl3.nativecodeanalysis.xml
e:\visualstudio2015\camera\camera\debug\stb_image.nativecodeanalysis.xml
e:\visualstudio2015\camera\camera\debug\stb_image.obj
e:\visualstudio2015\camera\camera\debug\imgui_impl_glfw_gl3.obj
e:\visualstudio2015\camera\camera\debug\imgui_draw.obj
e:\visualstudio2015\camera\camera\debug\imgui_demo.obj
e:\visualstudio2015\camera\camera\debug\imgui.obj
e:\visualstudio2015\camera\camera\debug\camera.obj
e:\visualstudio2015\camera\camera\debug\glad.nativecodeanalysis.xml
e:\visualstudio2015\camera\camera\debug\glad.obj
e:\visualstudio2015\camera\camera\debug\2.obj
e:\visualstudio2015\camera\debug\camera.ilk
e:\visualstudio2015\camera\debug\camera.exe
e:\visualstudio2015\camera\debug\camera.pdb
e:\visualstudio2015\camera\camera\debug\nativecodeanalysis.read.1.tlog
e:\visualstudio2015\camera\camera\debug\vc.nativecodeanalysis.all.xml
e:\visualstudio2015\camera\camera\debug\camera.tlog\cl.command.1.tlog
e:\visualstudio2015\camera\camera\debug\camera.tlog\cl.read.1.tlog
e:\visualstudio2015\camera\camera\debug\camera.tlog\cl.write.1.tlog
e:\visualstudio2015\camera\camera\debug\camera.tlog\link.command.1.tlog
e:\visualstudio2015\camera\camera\debug\camera.tlog\link.read.1.tlog
e:\visualstudio2015\camera\camera\debug\camera.tlog\link.write.1.tlog
