生成启动时间为 2018/4/24 14:40:20。
     1>项目“E:\OpenGL\LightsAndShading\LightsAndShading\LightsAndShading.vcxproj”在节点 2 上(Build 个目标)。
     1>ClCompile:
         F:\vs2015\VC\bin\CL.exe /c /ZI /nologo /W3 /WX- /sdl /Od /Oy- /D _MBCS /Gm /EHsc /RTC1 /MDd /GS /fp:precise /Zc:wchar_t /Zc:forScope /Zc:inline /Fo"Debug\\" /Fd"Debug\vc140.pdb" /Gd /TC /analyze- /errorReport:prompt glad.c
         glad.c
         F:\vs2015\VC\bin\CL.exe /c /ZI /nologo /W3 /WX- /sdl /Od /Oy- /D _MBCS /Gm /EHsc /RTC1 /MDd /GS /fp:precise /Zc:wchar_t /Zc:forScope /Zc:inline /Fo"Debug\\" /Fd"Debug\vc140.pdb" /Gd /TP /analyze- /errorReport:prompt imgui.cpp imgui_demo.cpp imgui_draw.cpp imgui_impl_glfw_gl3.cpp lightsAndShading.cpp
         lightsAndShading.cpp
     1>f:\vs2015\vc\include\learnopengl\shader_m.h(53): warning C4101: “infoLog”: 未引用的局部变量
     1>f:\vs2015\vc\include\learnopengl\shader_m.h(52): warning C4101: “success”: 未引用的局部变量
     1>e:\opengl\lightsandshading\lightsandshading\lightsandshading.cpp(154): warning C4305: “初始化”: 从“double”到“float”截断
     1>e:\opengl\lightsandshading\lightsandshading\lightsandshading.cpp(156): warning C4244: “初始化”: 从“double”转换到“float”，可能丢失数据
     1>e:\opengl\lightsandshading\lightsandshading\lightsandshading.cpp(236): warning C4244: “初始化”: 从“double”转换到“float”，可能丢失数据
     1>e:\opengl\lightsandshading\lightsandshading\lightsandshading.cpp(237): warning C4244: “初始化”: 从“double”转换到“float”，可能丢失数据
         imgui_impl_glfw_gl3.cpp
         imgui_draw.cpp
         imgui_demo.cpp
         imgui.cpp
         正在生成代码...
       Link:
         F:\vs2015\VC\bin\link.exe /ERRORREPORT:PROMPT /OUT:"E:\OpenGL\LightsAndShading\Debug\LightsAndShading.exe" /INCREMENTAL /NOLOGO glfw3.lib kernel32.lib user32.lib gdi32.lib winspool.lib comdlg32.lib advapi32.lib shell32.lib ole32.lib oleaut32.lib uuid.lib odbc32.lib odbccp32.lib /MANIFEST /MANIFESTUAC:"level='asInvoker' uiAccess='false'" /manifest:embed /Debug /PDB:"E:\OpenGL\LightsAndShading\Debug\LightsAndShading.pdb" /TLBID:1 /DYNAMICBASE /NXCOMPAT /IMPLIB:"E:\OpenGL\LightsAndShading\Debug\LightsAndShading.lib" /MACHINE:X86 Debug\glad.obj
         Debug\imgui.obj
         Debug\imgui_demo.obj
         Debug\imgui_draw.obj
         Debug\imgui_impl_glfw_gl3.obj
         Debug\lightsAndShading.obj
         LightsAndShading.vcxproj -> E:\OpenGL\LightsAndShading\Debug\LightsAndShading.exe
     1>已完成生成项目“E:\OpenGL\LightsAndShading\LightsAndShading\LightsAndShading.vcxproj”(Build 个目标)的操作。

已成功生成。

已用时间 00:00:05.54
